app/build/intermediates/manifest_merge_blame_file/debug/manifest-merger-blame-debug-report.txt
1<?xml version="1.0" encoding="utf-8"?>
2<manifest xmlns:android="http://schemas.android.com/apk/res/android"
3    package="com.example.questv3"
4    android:versionCode="1"
5    android:versionName="1.0" >
6
7    <uses-sdk
8        android:minSdkVersion="15"
8-->src\main\AndroidManifest.xml
9        android:targetSdkVersion="29" />
9-->src\main\AndroidManifest.xml
10
11    <uses-permission android:name="android.permission.ACCESS_NETWORK_STATE" />
11-->[com.google.firebase:firebase-database:16.0.4] AndroidManifest.xml:22:5-79
11-->[com.google.firebase:firebase-database:16.0.4] AndroidManifest.xml:22:22-76
12    <uses-permission android:name="android.permission.INTERNET" />
12-->[com.google.firebase:firebase-database:16.0.4] AndroidManifest.xml:23:5-67
12-->[com.google.firebase:firebase-database:16.0.4] AndroidManifest.xml:23:22-64
13
14    <application
14-->src\main\AndroidManifest.xml:5:5-41:19
15        android:allowBackup="true"
15-->src\main\AndroidManifest.xml:6:9-35
16        android:appComponentFactory="androidx.core.app.CoreComponentFactory"
16-->[androidx.core:core:1.1.0] AndroidManifest.xml:24:18-86
17        android:debuggable="true"
18        android:icon="@mipmap/ic_launcher"
18-->src\main\AndroidManifest.xml:7:9-43
19        android:label="@string/app_name"
19-->src\main\AndroidManifest.xml:8:9-41
20        android:roundIcon="@mipmap/ic_launcher_round"
20-->src\main\AndroidManifest.xml:9:9-54
21        android:supportsRtl="true"
21-->src\main\AndroidManifest.xml:10:9-35
22        android:testOnly="true"
23        android:theme="@style/AppTheme" >
23-->src\main\AndroidManifest.xml:11:9-40
24        <activity
24-->src\main\AndroidManifest.xml:12:9-15:68
25            android:name="com.example.questv3.FriendAdapter"
25-->src\main\AndroidManifest.xml:13:13-42
26            android:label="@string/title_activity_friend_adapter"
26-->src\main\AndroidManifest.xml:14:13-66
27            android:theme="@style/AppTheme.NoActionBar" />
27-->src\main\AndroidManifest.xml:15:13-56
28        <activity
28-->src\main\AndroidManifest.xml:16:9-19:59
29            android:name="com.example.questv3.Friends"
29-->src\main\AndroidManifest.xml:17:13-36
30            android:label="@string/title_activity_friends"
30-->src\main\AndroidManifest.xml:18:13-59
31            android:theme="@style/AppTheme.NoActionBar" />
31-->src\main\AndroidManifest.xml:19:13-56
32        <activity
32-->src\main\AndroidManifest.xml:20:9-29:20
33            android:name="com.example.questv3.MainActivity"
33-->src\main\AndroidManifest.xml:21:13-41
34            android:label="@string/app_name"
34-->src\main\AndroidManifest.xml:22:13-45
35            android:theme="@style/AppTheme.NoActionBar" >
35-->src\main\AndroidManifest.xml:23:13-56
36            <intent-filter>
36-->src\main\AndroidManifest.xml:24:13-28:29
37                <action android:name="android.intent.action.MAIN" />
37-->src\main\AndroidManifest.xml:25:17-69
37-->src\main\AndroidManifest.xml:25:25-66
38
39                <category android:name="android.intent.category.LAUNCHER" />
39-->src\main\AndroidManifest.xml:27:17-77
39-->src\main\AndroidManifest.xml:27:27-74
40            </intent-filter>
41        </activity>
42        <activity
42-->src\main\AndroidManifest.xml:30:9-33:58
43            android:name="com.example.questv3.ShowQuestActivity"
43-->src\main\AndroidManifest.xml:31:13-46
44            android:label="Quest Details"
44-->src\main\AndroidManifest.xml:32:13-42
45            android:parentActivityName="com.example.questv3.MainActivity" />
45-->src\main\AndroidManifest.xml:33:13-55
46        <activity
46-->src\main\AndroidManifest.xml:34:9-36:58
47            android:name="com.example.questv3.Create"
47-->src\main\AndroidManifest.xml:35:13-35
48            android:parentActivityName="com.example.questv3.MainActivity" />
48-->src\main\AndroidManifest.xml:36:13-55
49        <activity
49-->src\main\AndroidManifest.xml:37:9-40:58
50            android:name="com.example.questv3.QuestLog"
50-->src\main\AndroidManifest.xml:38:13-37
51            android:label="Completed Quests"
51-->src\main\AndroidManifest.xml:39:13-45
52            android:parentActivityName="com.example.questv3.MainActivity" />
52-->src\main\AndroidManifest.xml:40:13-55
53        <activity
53-->[com.google.android.gms:play-services-auth:17.0.0] AndroidManifest.xml:23:9-27:75
54            android:name="com.google.android.gms.auth.api.signin.internal.SignInHubActivity"
54-->[com.google.android.gms:play-services-auth:17.0.0] AndroidManifest.xml:24:13-93
55            android:excludeFromRecents="true"
55-->[com.google.android.gms:play-services-auth:17.0.0] AndroidManifest.xml:25:13-46
56            android:exported="false"
56-->[com.google.android.gms:play-services-auth:17.0.0] AndroidManifest.xml:26:13-37
57            android:theme="@android:style/Theme.Translucent.NoTitleBar" />
57-->[com.google.android.gms:play-services-auth:17.0.0] AndroidManifest.xml:27:13-72
58        <!--
59            Service handling Google Sign-In user revocation. For apps that do not integrate with
60            Google Sign-In, this service will never be started.
61        -->
62        <service
62-->[com.google.android.gms:play-services-auth:17.0.0] AndroidManifest.xml:33:9-36:110
63            android:name="com.google.android.gms.auth.api.signin.RevocationBoundService"
63-->[com.google.android.gms:play-services-auth:17.0.0] AndroidManifest.xml:34:13-89
64            android:exported="true"
64-->[com.google.android.gms:play-services-auth:17.0.0] AndroidManifest.xml:35:13-36
65            android:permission="com.google.android.gms.auth.api.signin.permission.REVOCATION_NOTIFICATION" />
65-->[com.google.android.gms:play-services-auth:17.0.0] AndroidManifest.xml:36:13-107
66
67        <activity
67-->[com.google.android.gms:play-services-base:17.0.0] AndroidManifest.xml:23:9-26:75
68            android:name="com.google.android.gms.common.api.GoogleApiActivity"
68-->[com.google.android.gms:play-services-base:17.0.0] AndroidManifest.xml:24:13-79
69            android:exported="false"
69-->[com.google.android.gms:play-services-base:17.0.0] AndroidManifest.xml:25:13-37
70            android:theme="@android:style/Theme.Translucent.NoTitleBar" />
70-->[com.google.android.gms:play-services-base:17.0.0] AndroidManifest.xml:26:13-72
71
72        <provider
72-->[com.google.firebase:firebase-common:16.0.3] AndroidManifest.xml:10:9-14:39
73            android:name="com.google.firebase.provider.FirebaseInitProvider"
73-->[com.google.firebase:firebase-common:16.0.3] AndroidManifest.xml:11:13-77
74            android:authorities="com.example.questv3.firebaseinitprovider"
74-->[com.google.firebase:firebase-common:16.0.3] AndroidManifest.xml:12:13-72
75            android:exported="false"
75-->[com.google.firebase:firebase-common:16.0.3] AndroidManifest.xml:13:13-37
76            android:initOrder="100" />
76-->[com.google.firebase:firebase-common:16.0.3] AndroidManifest.xml:14:13-36
77
78        <meta-data
78-->[com.google.android.gms:play-services-basement:17.0.0] AndroidManifest.xml:23:9-25:69
79            android:name="com.google.android.gms.version"
79-->[com.google.android.gms:play-services-basement:17.0.0] AndroidManifest.xml:24:13-58
80            android:value="@integer/google_play_services_version" />
80-->[com.google.android.gms:play-services-basement:17.0.0] AndroidManifest.xml:25:13-66
81    </application>
82
83</manifest>